2024-08-20 13:25:43,554 - INFO - Initialisation de la session...
2024-08-20 13:25:43,617 - INFO - Initialisation des préférences...
2024-08-20 13:25:43,624 - INFO - Test de la connexion...
2024-08-20 13:25:45,744 - INFO - Initialisation de l'interface...
2024-08-20 13:25:45,757 - INFO - Création du menu...
2024-08-20 13:25:45,769 - INFO - Création du Systray...
2024-08-20 13:25:45,939 - INFO - Création et connexion du navigateur...
2024-08-20 13:25:46,614 - INFO - Création de l'interface réduite...
2024-08-20 13:25:46,620 - INFO - __ Création des boutons...
2024-08-20 13:25:46,628 - INFO - __ Connexion pour charger le patient en cours...
2024-08-20 13:25:48,686 - INFO - __ Connexion pour charger la liste des patients...
2024-08-20 13:25:50,739 - INFO - __ Connexion pour charger le bouton d'appel automatique...
2024-08-20 13:25:50,749 - INFO - __ Connexion pour charger l'icone de changement de papier'...
2024-08-20 13:25:54,993 - INFO - Paramétrage de l'utilisateur...
2024-08-20 13:25:55,001 - INFO - Création de la connexion Socket.IO...
2024-08-20 13:26:21,227 - INFO - Initialisation des préférences...
2024-08-20 13:26:21,237 - INFO - Initialisation des préférences...
2024-08-20 13:26:21,247 - INFO - Création de l'interface réduite...
2024-08-20 13:26:21,250 - INFO - __ Création des boutons...
2024-08-20 13:26:21,254 - INFO - __ Connexion pour charger le patient en cours...
2024-08-20 13:26:23,305 - INFO - __ Connexion pour charger la liste des patients...
2024-08-20 13:26:25,349 - INFO - __ Connexion pour charger le bouton d'appel automatique...
2024-08-20 13:26:25,373 - INFO - __ Connexion pour charger l'icone de changement de papier'...
2024-08-20 13:26:25,381 - INFO - Initialisation des préférences...
2024-08-20 13:26:34,982 - INFO - Initialisation de la session...
2024-08-20 13:26:35,054 - INFO - Initialisation des préférences...
2024-08-20 13:26:35,062 - INFO - Test de la connexion...
2024-08-20 13:26:37,127 - INFO - Initialisation de l'interface...
2024-08-20 13:26:37,140 - INFO - Création du menu...
2024-08-20 13:26:37,159 - INFO - Création du Systray...
2024-08-20 13:26:37,328 - INFO - Création et connexion du navigateur...
2024-08-20 13:26:37,997 - INFO - Création de l'interface réduite...
2024-08-20 13:26:38,002 - INFO - __ Création des boutons...
2024-08-20 13:26:38,027 - INFO - __ Connexion pour charger le patient en cours...
2024-08-20 13:26:40,099 - INFO - __ Connexion pour charger la liste des patients...
2024-08-20 13:26:42,180 - INFO - __ Connexion pour charger le bouton d'appel automatique...
2024-08-20 13:26:42,197 - INFO - __ Connexion pour charger l'icone de changement de papier'...
2024-08-20 13:26:46,349 - INFO - Paramétrage de l'utilisateur...
2024-08-20 13:26:46,360 - INFO - Création de la connexion Socket.IO...
2024-08-20 13:32:09,123 - INFO - Initialisation de la session...
2024-08-20 13:32:09,188 - INFO - Initialisation des préférences...
2024-08-20 13:32:09,192 - INFO - Test de la connexion...
2024-08-20 13:32:11,247 - INFO - Initialisation de l'interface...
2024-08-20 13:32:11,262 - INFO - Création du menu...
2024-08-20 13:32:11,275 - INFO - Création du Systray...
2024-08-20 13:32:11,438 - INFO - Création et connexion du navigateur...
2024-08-20 13:32:12,108 - INFO - Création de l'interface réduite...
2024-08-20 13:32:12,114 - INFO - __ Création des boutons...
2024-08-20 13:32:12,122 - INFO - __ Connexion pour charger le patient en cours...
2024-08-20 13:32:14,203 - INFO - __ Connexion pour charger la liste des patients...
2024-08-20 13:32:16,249 - INFO - __ Connexion pour charger le bouton d'appel automatique...
2024-08-20 13:32:16,261 - INFO - __ Connexion pour charger l'icone de changement de papier'...
2024-08-20 13:32:20,388 - INFO - Paramétrage de l'utilisateur...
2024-08-20 13:32:20,396 - INFO - Création de la connexion Socket.IO...
2024-08-20 13:33:00,488 - INFO - Initialisation de la session...
2024-08-20 13:33:00,550 - INFO - Initialisation des préférences...
2024-08-20 13:33:00,557 - INFO - Test de la connexion...
2024-08-20 13:33:02,629 - INFO - Initialisation de l'interface...
2024-08-20 13:33:02,643 - INFO - Création du menu...
2024-08-20 13:33:02,656 - INFO - Création du Systray...
2024-08-20 13:33:02,868 - INFO - Création et connexion du navigateur...
2024-08-20 13:33:03,567 - INFO - Création de l'interface réduite...
2024-08-20 13:33:03,571 - INFO - __ Création des boutons...
2024-08-20 13:33:03,595 - INFO - __ Connexion pour charger le patient en cours...
2024-08-20 13:33:05,651 - INFO - __ Connexion pour charger la liste des patients...
2024-08-20 13:33:07,797 - INFO - __ Connexion pour charger le bouton d'appel automatique...
2024-08-20 13:33:07,810 - INFO - __ Connexion pour charger l'icone de changement de papier'...
2024-08-20 13:33:11,947 - INFO - Paramétrage de l'utilisateur...
2024-08-20 13:33:11,957 - INFO - Création de la connexion Socket.IO...
2024-08-20 20:29:20,175 - INFO - Initialisation de la session...
2024-08-20 20:29:20,246 - INFO - Initialisation des préférences...
2024-08-20 20:29:20,253 - INFO - Test de la connexion...
2024-08-20 20:29:22,326 - INFO - Initialisation de l'interface...
2024-08-20 20:29:22,340 - INFO - Création du menu...
2024-08-20 20:29:22,349 - INFO - Création du Systray...
2024-08-20 20:29:22,507 - INFO - Création et connexion du navigateur...
2024-08-20 20:29:23,292 - INFO - Création de l'interface réduite...
2024-08-20 20:29:23,296 - INFO - __ Création des boutons...
2024-08-20 20:29:23,305 - INFO - __ Connexion pour charger le patient en cours...
2024-08-20 20:29:25,415 - INFO - __ Connexion pour charger la liste des patients...
2024-08-20 20:29:27,469 - INFO - __ Connexion pour charger le bouton d'appel automatique...
2024-08-20 20:29:27,475 - INFO - __ Connexion pour charger l'icone de changement de papier'...
2024-08-20 20:29:31,593 - INFO - Paramétrage de l'utilisateur...
2024-08-20 20:29:31,600 - INFO - Création de la connexion Socket.IO...
2024-08-20 20:29:31,779 - INFO - Initialisation de la session...
2024-08-20 20:29:31,779 - INFO - Initialisation de la session...
2024-08-20 20:29:31,863 - INFO - Initialisation des préférences...
2024-08-20 20:29:31,863 - INFO - Initialisation des préférences...
2024-08-20 20:29:31,878 - INFO - Test de la connexion...
2024-08-20 20:29:31,878 - INFO - Test de la connexion...
2024-08-20 20:29:33,914 - INFO - Initialisation de l'interface...
2024-08-20 20:29:33,914 - INFO - Initialisation de l'interface...
2024-08-20 20:29:33,926 - INFO - Création du menu...
2024-08-20 20:29:33,926 - INFO - Création du menu...
2024-08-20 20:29:33,935 - INFO - Création du Systray...
2024-08-20 20:29:33,935 - INFO - Création du Systray...
2024-08-20 20:29:34,421 - INFO - Création et connexion du navigateur...
2024-08-20 20:29:34,421 - INFO - Création et connexion du navigateur...
2024-08-20 20:29:34,435 - INFO - Création de l'interface réduite...
2024-08-20 20:29:34,435 - INFO - Création de l'interface réduite...
2024-08-20 20:29:34,457 - INFO - __ Création des boutons...
2024-08-20 20:29:34,457 - INFO - __ Création des boutons...
2024-08-20 20:29:34,470 - INFO - __ Connexion pour charger le patient en cours...
2024-08-20 20:29:34,470 - INFO - __ Connexion pour charger le patient en cours...
2024-08-20 20:29:36,523 - INFO - __ Connexion pour charger la liste des patients...
2024-08-20 20:29:36,523 - INFO - __ Connexion pour charger la liste des patients...
2024-08-20 20:29:38,574 - INFO - __ Connexion pour charger le bouton d'appel automatique...
2024-08-20 20:29:38,574 - INFO - __ Connexion pour charger le bouton d'appel automatique...
2024-08-20 20:29:38,584 - INFO - __ Connexion pour charger l'icone de changement de papier'...
2024-08-20 20:29:38,584 - INFO - __ Connexion pour charger l'icone de changement de papier'...
2024-08-20 20:29:42,718 - INFO - Paramétrage de l'utilisateur...
2024-08-20 20:29:42,718 - INFO - Paramétrage de l'utilisateur...
2024-08-20 20:29:42,728 - INFO - Création de la connexion Socket.IO...
2024-08-20 20:29:42,728 - INFO - Création de la connexion Socket.IO...
2024-08-20 20:29:42,908 - INFO - Initialisation de la session...
2024-08-20 20:29:42,908 - INFO - Initialisation de la session...
2024-08-20 20:29:42,908 - INFO - Initialisation de la session...
2024-08-20 20:29:42,980 - INFO - Initialisation des préférences...
2024-08-20 20:29:42,980 - INFO - Initialisation des préférences...
2024-08-20 20:29:42,980 - INFO - Initialisation des préférences...
2024-08-20 20:29:42,986 - INFO - Test de la connexion...
2024-08-20 20:29:42,986 - INFO - Test de la connexion...
2024-08-20 20:29:42,986 - INFO - Test de la connexion...
2024-08-20 20:29:45,033 - INFO - Initialisation de l'interface...
2024-08-20 20:29:45,033 - INFO - Initialisation de l'interface...
2024-08-20 20:29:45,033 - INFO - Initialisation de l'interface...
2024-08-20 20:29:45,045 - INFO - Création du menu...
2024-08-20 20:29:45,045 - INFO - Création du menu...
2024-08-20 20:29:45,045 - INFO - Création du menu...
2024-08-20 20:29:45,052 - INFO - Création du Systray...
2024-08-20 20:29:45,052 - INFO - Création du Systray...
2024-08-20 20:29:45,052 - INFO - Création du Systray...
2024-08-20 20:29:45,604 - INFO - Création et connexion du navigateur...
2024-08-20 20:29:45,604 - INFO - Création et connexion du navigateur...
2024-08-20 20:29:45,604 - INFO - Création et connexion du navigateur...
2024-08-20 20:29:45,623 - INFO - Création de l'interface réduite...
2024-08-20 20:29:45,623 - INFO - Création de l'interface réduite...
2024-08-20 20:29:45,623 - INFO - Création de l'interface réduite...
2024-08-20 20:29:45,642 - INFO - __ Création des boutons...
2024-08-20 20:29:45,642 - INFO - __ Création des boutons...
2024-08-20 20:29:45,642 - INFO - __ Création des boutons...
2024-08-20 20:29:45,662 - INFO - __ Connexion pour charger le patient en cours...
2024-08-20 20:29:45,662 - INFO - __ Connexion pour charger le patient en cours...
2024-08-20 20:29:45,662 - INFO - __ Connexion pour charger le patient en cours...
2024-08-20 20:29:47,751 - INFO - __ Connexion pour charger la liste des patients...
2024-08-20 20:29:47,751 - INFO - __ Connexion pour charger la liste des patients...
2024-08-20 20:29:47,751 - INFO - __ Connexion pour charger la liste des patients...
2024-08-20 20:29:49,815 - INFO - __ Connexion pour charger le bouton d'appel automatique...
2024-08-20 20:29:49,815 - INFO - __ Connexion pour charger le bouton d'appel automatique...
2024-08-20 20:29:49,815 - INFO - __ Connexion pour charger le bouton d'appel automatique...
2024-08-20 20:29:49,832 - INFO - __ Connexion pour charger l'icone de changement de papier'...
2024-08-20 20:29:49,832 - INFO - __ Connexion pour charger l'icone de changement de papier'...
2024-08-20 20:29:49,832 - INFO - __ Connexion pour charger l'icone de changement de papier'...
2024-08-20 20:29:53,956 - INFO - Paramétrage de l'utilisateur...
2024-08-20 20:29:53,956 - INFO - Paramétrage de l'utilisateur...
2024-08-20 20:29:53,956 - INFO - Paramétrage de l'utilisateur...
2024-08-20 20:29:53,972 - INFO - Création de la connexion Socket.IO...
2024-08-20 20:29:53,972 - INFO - Création de la connexion Socket.IO...
2024-08-20 20:29:53,972 - INFO - Création de la connexion Socket.IO...
2024-08-22 07:42:35,367 - INFO - Initialisation de la session...
2024-08-22 07:42:35,438 - INFO - Initialisation des préférences...
2024-08-22 07:42:35,442 - INFO - Test de la connexion...
2024-08-22 07:42:37,585 - INFO - Initialisation de l'interface...
2024-08-22 07:42:37,700 - INFO - Création du menu...
2024-08-22 07:42:37,798 - INFO - Création du Systray...
2024-08-22 07:42:37,933 - INFO - Création et connexion du navigateur...
2024-08-22 07:42:46,753 - INFO - Création de l'interface réduite...
2024-08-22 07:42:46,762 - INFO - __ Création des boutons...
2024-08-22 07:42:47,327 - INFO - __ Connexion pour charger le patient en cours...
2024-08-22 07:42:49,799 - INFO - __ Connexion pour charger la liste des patients...
2024-08-22 07:42:51,915 - INFO - __ Connexion pour charger le bouton d'appel automatique...
2024-08-22 07:42:51,933 - INFO - __ Connexion pour charger l'icone de changement de papier'...
2024-08-22 07:42:56,068 - INFO - Paramétrage de l'utilisateur...
2024-08-22 07:42:56,215 - INFO - Création de la connexion Socket.IO...
2024-08-22 07:44:13,585 - INFO - Initialisation de la session...
2024-08-22 07:44:13,645 - INFO - Initialisation des préférences...
2024-08-22 07:44:13,650 - INFO - Test de la connexion...
2024-08-22 07:44:15,750 - INFO - Initialisation de l'interface...
2024-08-22 07:44:15,783 - INFO - Création du menu...
2024-08-22 07:44:15,799 - INFO - Création du Systray...
2024-08-22 07:44:15,917 - INFO - Création et connexion du navigateur...
2024-08-22 07:44:16,539 - INFO - Création de l'interface réduite...
2024-08-22 07:44:16,544 - INFO - __ Création des boutons...
2024-08-22 07:44:16,564 - INFO - __ Connexion pour charger le patient en cours...
2024-08-22 07:44:18,741 - INFO - __ Connexion pour charger la liste des patients...
2024-08-22 07:44:20,796 - INFO - __ Connexion pour charger le bouton d'appel automatique...
2024-08-22 07:44:20,803 - INFO - __ Connexion pour charger l'icone de changement de papier'...
2024-08-22 07:44:24,933 - INFO - Paramétrage de l'utilisateur...
2024-08-22 07:44:24,939 - INFO - Création de la connexion Socket.IO...
2024-08-22 07:57:04,041 - INFO - Initialisation de la session...
2024-08-22 07:57:04,102 - INFO - Initialisation des préférences...
2024-08-22 07:57:04,108 - INFO - Test de la connexion...
2024-08-22 07:57:08,218 - INFO - Initialisation de l'interface...
2024-08-22 07:57:08,235 - INFO - Création du menu...
2024-08-22 07:57:08,247 - INFO - Création du Systray...
2024-08-22 07:57:08,337 - INFO - Création et connexion du navigateur...
2024-08-22 07:57:08,986 - INFO - Création de l'interface réduite...
2024-08-22 07:57:08,990 - INFO - __ Création des boutons...
2024-08-22 07:57:09,000 - INFO - __ Connexion pour charger le patient en cours...
2024-08-22 07:57:13,069 - INFO - __ Connexion pour charger la liste des patients...
2024-08-22 07:57:17,187 - INFO - __ Connexion pour charger le bouton d'appel automatique...
2024-08-22 07:57:17,197 - INFO - __ Connexion pour charger l'icone de changement de papier'...
2024-08-22 07:57:17,208 - INFO - Paramétrage de l'utilisateur...
2024-08-22 07:57:17,221 - INFO - Création de la connexion Socket.IO...
2024-08-22 07:57:33,708 - INFO - Initialisation de la session...
2024-08-22 07:57:33,756 - INFO - Initialisation des préférences...
2024-08-22 07:57:33,761 - INFO - Test de la connexion...
2024-08-22 07:57:37,860 - INFO - Initialisation de l'interface...
2024-08-22 07:57:37,871 - INFO - Création du menu...
2024-08-22 07:57:37,883 - INFO - Création du Systray...
2024-08-22 07:57:37,973 - INFO - Création et connexion du navigateur...
2024-08-22 07:57:38,586 - INFO - Création de l'interface réduite...
2024-08-22 07:57:38,590 - INFO - __ Création des boutons...
2024-08-22 07:57:38,598 - INFO - __ Connexion pour charger le patient en cours...
2024-08-22 07:57:42,682 - INFO - __ Connexion pour charger la liste des patients...
2024-08-22 07:57:46,782 - INFO - __ Connexion pour charger le bouton d'appel automatique...
2024-08-22 07:57:46,790 - INFO - __ Connexion pour charger l'icone de changement de papier'...
2024-08-22 07:57:46,800 - INFO - Paramétrage de l'utilisateur...
2024-08-22 07:57:46,806 - INFO - Création de la connexion Socket.IO...
2024-08-22 07:58:42,250 - INFO - Initialisation de la session...
2024-08-22 07:58:42,293 - INFO - Initialisation des préférences...
2024-08-22 07:58:42,298 - INFO - Test de la connexion...
2024-08-22 07:58:44,494 - INFO - Initialisation de l'interface...
2024-08-22 07:58:44,508 - INFO - Création du menu...
2024-08-22 07:58:44,522 - INFO - Création du Systray...
2024-08-22 07:58:44,620 - INFO - Création et connexion du navigateur...
2024-08-22 07:58:45,259 - INFO - Création de l'interface réduite...
2024-08-22 07:58:45,263 - INFO - __ Création des boutons...
2024-08-22 07:58:45,269 - INFO - __ Connexion pour charger le patient en cours...
2024-08-22 07:58:47,338 - INFO - __ Connexion pour charger la liste des patients...
2024-08-22 07:58:49,393 - INFO - __ Connexion pour charger le bouton d'appel automatique...
2024-08-22 07:58:49,408 - INFO - __ Connexion pour charger l'icone de changement de papier'...
2024-08-22 07:58:53,579 - INFO - Paramétrage de l'utilisateur...
2024-08-22 07:58:53,586 - INFO - Création de la connexion Socket.IO...
2024-08-22 08:00:39,273 - INFO - Initialisation de la session...
2024-08-22 08:00:39,338 - INFO - Initialisation des préférences...
2024-08-22 08:00:39,342 - INFO - Test de la connexion...
2024-08-22 08:00:41,406 - INFO - Initialisation de l'interface...
2024-08-22 08:00:41,421 - INFO - Création du menu...
2024-08-22 08:00:41,435 - INFO - Création du Systray...
2024-08-22 08:00:41,540 - INFO - Création et connexion du navigateur...
2024-08-22 08:00:42,168 - INFO - Création de l'interface réduite...
2024-08-22 08:00:42,173 - INFO - __ Création des boutons...
2024-08-22 08:00:42,197 - INFO - __ Connexion pour charger le patient en cours...
2024-08-22 08:00:44,262 - INFO - __ Connexion pour charger la liste des patients...
2024-08-22 08:00:46,324 - INFO - __ Connexion pour charger le bouton d'appel automatique...
2024-08-22 08:00:46,334 - INFO - __ Connexion pour charger l'icone de changement de papier'...
2024-08-22 08:00:50,427 - INFO - Paramétrage de l'utilisateur...
2024-08-22 08:00:50,434 - INFO - Création de la connexion Socket.IO...
2024-08-22 08:01:16,494 - INFO - Initialisation de la session...
2024-08-22 08:01:16,523 - INFO - Initialisation des préférences...
2024-08-22 08:01:16,526 - INFO - Test de la connexion...
2024-08-22 08:01:18,587 - INFO - Initialisation de l'interface...
2024-08-22 08:01:18,605 - INFO - Création du menu...
2024-08-22 08:01:18,627 - INFO - Création du Systray...
2024-08-22 08:01:18,833 - INFO - Création et connexion du navigateur...
2024-08-22 08:01:19,781 - INFO - Création de l'interface réduite...
2024-08-22 08:01:19,788 - INFO - __ Création des boutons...
2024-08-22 08:01:19,819 - INFO - __ Connexion pour charger le patient en cours...
2024-08-22 08:01:21,880 - INFO - __ Connexion pour charger la liste des patients...
2024-08-22 08:01:23,937 - INFO - __ Connexion pour charger le bouton d'appel automatique...
2024-08-22 08:01:23,944 - INFO - __ Connexion pour charger l'icone de changement de papier'...
2024-08-22 08:01:28,156 - INFO - Paramétrage de l'utilisateur...
2024-08-22 08:01:28,163 - INFO - Création de la connexion Socket.IO...
2024-08-22 08:02:44,754 - INFO - Initialisation de la session...
2024-08-22 08:02:44,801 - INFO - Initialisation des préférences...
2024-08-22 08:02:44,806 - INFO - Test de la connexion...
2024-08-22 08:02:46,871 - INFO - Initialisation de l'interface...
2024-08-22 08:02:46,886 - INFO - Création du menu...
2024-08-22 08:02:46,902 - INFO - Création du Systray...
2024-08-22 08:02:47,002 - INFO - Création et connexion du navigateur...
2024-08-22 08:02:47,622 - INFO - Création de l'interface réduite...
2024-08-22 08:02:47,625 - INFO - __ Création des boutons...
2024-08-22 08:02:47,648 - INFO - __ Connexion pour charger le patient en cours...
2024-08-22 08:02:49,697 - INFO - __ Connexion pour charger la liste des patients...
2024-08-22 08:02:51,760 - INFO - __ Connexion pour charger le bouton d'appel automatique...
2024-08-22 08:02:51,768 - INFO - __ Connexion pour charger l'icone de changement de papier'...
2024-08-22 08:02:55,867 - INFO - Paramétrage de l'utilisateur...
2024-08-22 08:02:55,872 - INFO - Création de la connexion Socket.IO...
2024-08-22 08:19:31,224 - INFO - Initialisation de la session...
2024-08-22 08:19:31,275 - INFO - Initialisation des préférences...
2024-08-22 08:19:31,282 - INFO - Test de la connexion...
2024-08-22 08:19:35,399 - INFO - Initialisation de l'interface...
2024-08-22 08:19:35,412 - INFO - Création du menu...
2024-08-22 08:19:35,423 - INFO - Création du Systray...
2024-08-22 08:19:35,531 - INFO - Création et connexion du navigateur...
2024-08-22 08:19:36,169 - INFO - Création de l'interface réduite...
2024-08-22 08:19:36,173 - INFO - __ Création des boutons...
2024-08-22 08:19:36,180 - INFO - __ Connexion pour charger le patient en cours...
2024-08-22 08:19:40,270 - INFO - __ Connexion pour charger la liste des patients...
2024-08-22 08:19:44,366 - INFO - __ Connexion pour charger le bouton d'appel automatique...
2024-08-22 08:20:58,803 - INFO - Initialisation de la session...
2024-08-22 08:20:58,859 - INFO - Initialisation des préférences...
2024-08-22 08:20:58,865 - INFO - Test de la connexion...
2024-08-22 08:21:02,962 - INFO - Initialisation de l'interface...
2024-08-22 08:21:02,973 - INFO - Création du menu...
2024-08-22 08:21:02,987 - INFO - Création du Systray...
2024-08-22 08:21:03,075 - INFO - Création et connexion du navigateur...
2024-08-22 08:21:03,712 - INFO - Création de l'interface réduite...
2024-08-22 08:21:03,716 - INFO - __ Création des boutons...
2024-08-22 08:21:03,724 - INFO - __ Connexion pour charger le patient en cours...
2024-08-22 08:21:07,844 - INFO - __ Connexion pour charger la liste des patients...
2024-08-22 08:21:11,936 - INFO - __ Connexion pour charger le bouton d'appel automatique...
2024-08-22 08:21:11,944 - INFO - __ Connexion pour charger l'icone de changement de papier'...
2024-08-22 08:21:11,955 - INFO - Paramétrage de l'utilisateur...
2024-08-22 08:21:11,961 - INFO - Création de la connexion Socket.IO...
2024-08-22 08:22:21,615 - INFO - Initialisation de la session...
2024-08-22 08:22:21,676 - INFO - Initialisation des préférences...
2024-08-22 08:22:21,681 - INFO - Test de la connexion...
2024-08-22 08:22:23,731 - INFO - Initialisation du bouton d'appel automatique...
2024-08-22 08:22:23,736 - INFO - Initialisation de l'interface...
2024-08-22 08:22:23,751 - INFO - Création du menu...
2024-08-22 08:22:23,766 - INFO - Création du Systray...
2024-08-22 08:22:23,858 - INFO - Création et connexion du navigateur...
2024-08-22 08:22:24,480 - INFO - Création de l'interface réduite...
2024-08-22 08:22:24,490 - INFO - __ Création des boutons...
2024-08-22 08:22:24,511 - INFO - __ Connexion pour charger le patient en cours...
2024-08-22 08:22:26,570 - INFO - __ Connexion pour charger la liste des patients...
2024-08-22 08:22:28,641 - INFO - __ Connexion pour charger le bouton d'appel automatique...
2024-08-22 08:22:28,650 - INFO - __ Connexion pour charger l'icone de changement de papier'...
2024-08-22 08:22:32,745 - INFO - Paramétrage de l'utilisateur...
2024-08-22 08:22:32,751 - INFO - Création de la connexion Socket.IO...
2024-08-22 08:27:34,769 - INFO - Initialisation de la session...
2024-08-22 08:27:34,824 - INFO - Initialisation des préférences...
2024-08-22 08:27:34,827 - INFO - Test de la connexion...
2024-08-22 08:27:36,895 - INFO - Initialisation du bouton d'appel automatique...
2024-08-22 08:27:36,900 - INFO - Initialisation de l'interface...
2024-08-22 08:27:36,914 - INFO - Création du menu...
2024-08-22 08:27:36,929 - INFO - Création du Systray...
2024-08-22 08:27:37,035 - INFO - Création et connexion du navigateur...
2024-08-22 08:27:37,669 - INFO - Création de l'interface réduite...
2024-08-22 08:27:37,675 - INFO - __ Création des boutons...
2024-08-22 08:27:37,681 - INFO - __ Connexion pour charger le patient en cours...
2024-08-22 08:27:39,764 - INFO - __ Connexion pour charger la liste des patients...
2024-08-22 08:27:41,832 - INFO - __ Connexion pour charger le bouton d'appel automatique...
2024-08-22 08:27:41,847 - INFO - __ Connexion pour charger l'icone de changement de papier'...
2024-08-22 08:27:45,972 - INFO - Paramétrage de l'utilisateur...
2024-08-22 08:27:45,979 - INFO - Création de la connexion Socket.IO...
2024-08-22 12:39:33,214 - INFO - Initialisation de la session...
2024-08-22 12:39:33,291 - INFO - Initialisation des préférences...
2024-08-22 12:39:33,294 - INFO - Test de la connexion...
2024-08-22 12:39:35,356 - INFO - Initialisation du bouton d'appel automatique...
2024-08-22 12:39:35,361 - INFO - Initialisation de l'interface...
2024-08-22 12:39:35,374 - INFO - Création du menu...
2024-08-22 12:39:35,388 - INFO - Création du Systray...
2024-08-22 12:39:35,493 - INFO - Création et connexion du navigateur...
2024-08-22 12:39:36,151 - INFO - Création de l'interface réduite...
2024-08-22 12:39:36,157 - INFO - __ Création des boutons...
2024-08-22 12:39:36,177 - INFO - __ Connexion pour charger le patient en cours...
2024-08-22 12:39:38,246 - INFO - __ Connexion pour charger la liste des patients...
2024-08-22 12:39:40,326 - INFO - __ Connexion pour charger le bouton d'appel automatique...
2024-08-22 12:39:40,331 - INFO - __ Connexion pour charger l'icone de changement de papier'...
2024-08-22 12:39:44,438 - INFO - Paramétrage de l'utilisateur...
2024-08-22 12:39:44,443 - INFO - Création de la connexion Socket.IO...
2024-08-22 12:39:51,724 - INFO - Création de l'interface réduite...
2024-08-22 12:39:51,726 - INFO - __ Création des boutons...
2024-08-22 12:39:51,728 - INFO - __ Connexion pour charger le patient en cours...
2024-08-22 12:39:53,775 - INFO - __ Connexion pour charger la liste des patients...
2024-08-22 12:39:55,839 - INFO - __ Connexion pour charger le bouton d'appel automatique...
2024-08-22 12:39:55,844 - INFO - __ Connexion pour charger l'icone de changement de papier'...
2024-08-22 12:45:14,553 - INFO - Initialisation de la session...
2024-08-22 12:45:14,607 - INFO - Initialisation des préférences...
2024-08-22 12:45:14,615 - INFO - Test de la connexion...
2024-08-22 12:45:16,676 - INFO - Initialisation du bouton d'appel automatique...
2024-08-22 12:45:16,683 - INFO - Initialisation de l'interface...
2024-08-22 12:45:16,699 - INFO - Création du menu...
2024-08-22 12:45:16,719 - INFO - Création du Systray...
2024-08-22 12:45:16,949 - INFO - Création et connexion du navigateur...
2024-08-22 12:45:17,622 - INFO - Création de l'interface réduite...
2024-08-22 12:45:17,628 - INFO - __ Création des boutons...
2024-08-22 12:45:17,635 - INFO - __ Connexion pour charger le patient en cours...
2024-08-22 12:45:19,702 - INFO - __ Connexion pour charger la liste des patients...
2024-08-22 12:45:21,760 - INFO - __ Connexion pour charger le bouton d'appel automatique...
2024-08-22 12:45:21,767 - INFO - __ Connexion pour charger l'icone de changement de papier'...
2024-08-22 12:45:25,958 - INFO - Paramétrage de l'utilisateur...
2024-08-22 12:45:25,964 - INFO - Création de la connexion Socket.IO...
2024-08-22 12:53:11,366 - INFO - Initialisation de la session...
2024-08-22 12:53:11,415 - INFO - Initialisation des préférences...
2024-08-22 12:53:11,420 - INFO - Test de la connexion...
2024-08-22 12:53:15,524 - INFO - Initialisation de l'interface...
2024-08-22 12:53:15,557 - INFO - Création du menu...
2024-08-22 12:53:15,576 - INFO - Création du Systray...
2024-08-22 12:53:15,664 - INFO - Création et connexion du navigateur...
2024-08-22 12:53:16,317 - INFO - Création de l'interface réduite...
2024-08-22 12:53:16,321 - INFO - __ Création des boutons...
2024-08-22 12:53:16,344 - INFO - __ Connexion pour charger le patient en cours...
2024-08-22 12:53:20,422 - INFO - __ Connexion pour charger la liste des patients...
2024-08-22 12:53:24,512 - INFO - __ Connexion pour charger le bouton d'appel automatique...
2024-08-22 12:53:24,522 - INFO - __ Connexion pour charger l'icone de changement de papier'...
2024-08-22 12:53:24,533 - INFO - Paramétrage de l'utilisateur...
2024-08-22 12:53:24,539 - INFO - Création de la connexion Socket.IO...
2024-08-22 12:54:05,658 - INFO - Initialisation de la session...
2024-08-22 12:54:05,704 - INFO - Initialisation des préférences...
2024-08-22 12:54:05,709 - INFO - Test de la connexion...
2024-08-22 12:54:07,767 - INFO - Initialisation du bouton d'appel automatique...
2024-08-22 12:54:07,771 - INFO - Initialisation de l'interface...
2024-08-22 12:54:07,787 - INFO - Création du menu...
2024-08-22 12:54:07,801 - INFO - Création du Systray...
2024-08-22 12:54:07,900 - INFO - Création et connexion du navigateur...
2024-08-22 12:54:08,524 - INFO - Création de l'interface réduite...
2024-08-22 12:54:08,531 - INFO - __ Création des boutons...
2024-08-22 12:54:08,556 - INFO - __ Connexion pour charger le patient en cours...
2024-08-22 12:54:10,606 - INFO - __ Connexion pour charger la liste des patients...
2024-08-22 12:54:12,652 - INFO - __ Connexion pour charger le bouton d'appel automatique...
2024-08-22 12:54:12,658 - INFO - __ Connexion pour charger l'icone de changement de papier'...
2024-08-22 12:54:16,755 - INFO - Paramétrage de l'utilisateur...
2024-08-22 12:54:16,760 - INFO - Création de la connexion Socket.IO...
2024-08-22 13:10:17,179 - INFO - Initialisation de la session...
2024-08-22 13:10:17,245 - INFO - Initialisation des préférences...
2024-08-22 13:10:17,250 - INFO - Test de la connexion...
2024-08-22 13:10:19,309 - INFO - Initialisation du bouton d'appel automatique...
2024-08-22 13:10:19,312 - INFO - Initialisation de l'interface...
2024-08-22 13:10:19,325 - INFO - Création du menu...
2024-08-22 13:10:19,337 - INFO - Création du Systray...
2024-08-22 13:10:19,432 - INFO - Création et connexion du navigateur...
2024-08-22 13:10:20,082 - INFO - Création de l'interface réduite...
2024-08-22 13:10:20,087 - INFO - __ Création des boutons...
2024-08-22 13:10:20,109 - INFO - __ Connexion pour charger le patient en cours...
2024-08-22 13:10:22,252 - INFO - __ Connexion pour charger la liste des patients...
2024-08-22 13:10:24,318 - INFO - __ Connexion pour charger le bouton d'appel automatique...
2024-08-22 13:10:24,325 - INFO - __ Connexion pour charger l'icone de changement de papier'...
2024-08-22 13:10:28,435 - INFO - Paramétrage de l'utilisateur...
2024-08-22 13:10:28,441 - INFO - Création de la connexion Socket.IO...
2024-08-22 13:15:58,167 - INFO - Initialisation de la session...
2024-08-22 13:15:58,230 - INFO - Initialisation des préférences...
2024-08-22 13:15:58,234 - INFO - Test de la connexion...
2024-08-22 13:16:00,264 - INFO - Initialisation du bouton d'appel automatique...
2024-08-22 13:16:00,269 - INFO - Initialisation de l'interface...
2024-08-22 13:16:00,284 - INFO - Création du menu...
2024-08-22 13:16:00,298 - INFO - Création du Systray...
2024-08-22 13:16:00,404 - INFO - Création et connexion du navigateur...
2024-08-22 13:16:01,070 - INFO - Création de l'interface réduite...
2024-08-22 13:16:01,076 - INFO - __ Création des boutons...
2024-08-22 13:16:01,100 - INFO - __ Connexion pour charger le patient en cours...
2024-08-22 13:16:03,152 - INFO - __ Connexion pour charger la liste des patients...
2024-08-22 13:16:05,216 - INFO - __ Connexion pour charger le bouton d'appel automatique...
2024-08-22 13:16:05,226 - INFO - __ Connexion pour charger l'icone de changement de papier'...
2024-08-22 13:16:09,343 - INFO - Paramétrage de l'utilisateur...
2024-08-22 13:16:09,349 - INFO - Création de la connexion Socket.IO...
2024-08-22 13:17:24,197 - INFO - Initialisation de la session...
2024-08-22 13:17:24,256 - INFO - Initialisation des préférences...
2024-08-22 13:17:24,264 - INFO - Test de la connexion...
2024-08-22 13:17:26,334 - INFO - Initialisation du bouton d'appel automatique...
2024-08-22 13:17:26,338 - INFO - Initialisation de l'interface...
2024-08-22 13:17:26,351 - INFO - Création du menu...
2024-08-22 13:17:26,363 - INFO - Création du Systray...
2024-08-22 13:17:26,475 - INFO - Création et connexion du navigateur...
2024-08-22 13:17:27,089 - INFO - Création de l'interface réduite...
2024-08-22 13:17:27,095 - INFO - __ Création des boutons...
2024-08-22 13:17:27,118 - INFO - __ Connexion pour charger le patient en cours...
2024-08-22 13:17:29,171 - INFO - __ Connexion pour charger la liste des patients...
2024-08-22 13:17:31,300 - INFO - __ Connexion pour charger le bouton d'appel automatique...
2024-08-22 13:17:31,308 - INFO - __ Connexion pour charger l'icone de changement de papier'...
2024-08-22 13:17:35,421 - INFO - Paramétrage de l'utilisateur...
2024-08-22 13:17:35,428 - INFO - Création de la connexion Socket.IO...
2024-08-22 13:19:55,739 - INFO - Initialisation de la session...
2024-08-22 13:19:55,789 - INFO - Initialisation des préférences...
2024-08-22 13:19:55,794 - INFO - Test de la connexion...
2024-08-22 13:19:57,934 - INFO - Initialisation du bouton d'appel automatique...
2024-08-22 13:19:57,937 - INFO - Initialisation de l'interface...
2024-08-22 13:19:57,949 - INFO - Création du menu...
2024-08-22 13:19:57,962 - INFO - Création du Systray...
2024-08-22 13:19:58,059 - INFO - Création et connexion du navigateur...
2024-08-22 13:19:58,670 - INFO - Création de l'interface réduite...
2024-08-22 13:19:58,675 - INFO - __ Création des boutons...
2024-08-22 13:19:58,696 - INFO - __ Connexion pour charger le patient en cours...
2024-08-22 13:20:00,792 - INFO - __ Connexion pour charger la liste des patients...
2024-08-22 13:20:02,852 - INFO - __ Connexion pour charger le bouton d'appel automatique...
2024-08-22 13:20:02,859 - INFO - __ Connexion pour charger l'icone de changement de papier'...
2024-08-22 13:20:06,964 - INFO - Paramétrage de l'utilisateur...
2024-08-22 13:20:06,969 - INFO - Création de la connexion Socket.IO...
2024-08-22 13:24:40,652 - INFO - Initialisation de la session...
2024-08-22 13:24:40,720 - INFO - Initialisation des préférences...
2024-08-22 13:24:40,726 - INFO - Test de la connexion...
2024-08-22 13:24:42,771 - INFO - Initialisation du bouton d'appel automatique...
2024-08-22 13:24:42,774 - INFO - Initialisation de l'interface...
2024-08-22 13:24:42,787 - INFO - Création du menu...
2024-08-22 13:24:42,800 - INFO - Création du Systray...
2024-08-22 13:24:42,916 - INFO - Création et connexion du navigateur...
2024-08-22 13:24:43,546 - INFO - Création de l'interface réduite...
2024-08-22 13:24:43,551 - INFO - __ Création des boutons...
2024-08-22 13:24:43,571 - INFO - __ Connexion pour charger le patient en cours...
2024-08-22 13:24:45,634 - INFO - __ Connexion pour charger la liste des patients...
2024-08-22 13:24:47,703 - INFO - __ Connexion pour charger le bouton d'appel automatique...
2024-08-22 13:24:47,711 - INFO - __ Connexion pour charger l'icone de changement de papier'...
2024-08-22 13:24:51,814 - INFO - Paramétrage de l'utilisateur...
2024-08-22 13:24:51,825 - INFO - Création de la connexion Socket.IO...
2024-08-22 13:25:56,214 - INFO - Initialisation de la session...
2024-08-22 13:25:56,269 - INFO - Initialisation des préférences...
2024-08-22 13:25:56,274 - INFO - Test de la connexion...
2024-08-22 13:25:58,331 - INFO - Initialisation du bouton d'appel automatique...
2024-08-22 13:25:58,334 - INFO - Initialisation de l'interface...
2024-08-22 13:25:58,349 - INFO - Création du menu...
2024-08-22 13:25:58,364 - INFO - Création du Systray...
2024-08-22 13:25:58,455 - INFO - Création et connexion du navigateur...
2024-08-22 13:25:59,069 - INFO - Création de l'interface réduite...
2024-08-22 13:25:59,073 - INFO - __ Création des boutons...
2024-08-22 13:25:59,082 - INFO - __ Connexion pour charger le patient en cours...
2024-08-22 13:26:01,288 - INFO - __ Connexion pour charger la liste des patients...
2024-08-22 13:26:03,342 - INFO - __ Connexion pour charger le bouton d'appel automatique...
2024-08-22 13:26:03,349 - INFO - __ Connexion pour charger l'icone de changement de papier'...
2024-08-22 13:26:07,467 - INFO - Paramétrage de l'utilisateur...
2024-08-22 13:26:07,474 - INFO - Création de la connexion Socket.IO...
2024-08-22 13:27:51,200 - INFO - Initialisation de la session...
2024-08-22 13:27:51,263 - INFO - Initialisation des préférences...
2024-08-22 13:27:51,269 - INFO - Test de la connexion...
2024-08-22 13:27:53,323 - INFO - Initialisation du bouton d'appel automatique...
2024-08-22 13:27:53,328 - INFO - Initialisation de l'interface...
2024-08-22 13:27:53,352 - INFO - Création du menu...
2024-08-22 13:27:53,376 - INFO - Création du Systray...
2024-08-22 13:27:53,477 - INFO - Création et connexion du navigateur...
2024-08-22 13:27:54,141 - INFO - Création de l'interface réduite...
2024-08-22 13:27:54,147 - INFO - __ Création des boutons...
2024-08-22 13:27:54,171 - INFO - __ Connexion pour charger le patient en cours...
2024-08-22 13:27:56,222 - INFO - __ Connexion pour charger la liste des patients...
2024-08-22 13:27:58,282 - INFO - __ Connexion pour charger le bouton d'appel automatique...
2024-08-22 13:27:58,289 - INFO - __ Connexion pour charger l'icone de changement de papier'...
2024-08-22 13:28:02,397 - INFO - Paramétrage de l'utilisateur...
2024-08-22 13:28:02,402 - INFO - Création de la connexion Socket.IO...
2024-08-22 13:30:49,431 - INFO - Initialisation de la session...
2024-08-22 13:30:49,488 - INFO - Initialisation des préférences...
2024-08-22 13:30:49,494 - INFO - Test de la connexion...
2024-08-22 13:30:51,622 - INFO - Initialisation du bouton d'appel automatique...
2024-08-22 13:30:51,626 - INFO - Initialisation de l'interface...
2024-08-22 13:30:51,643 - INFO - Création du menu...
2024-08-22 13:30:51,655 - INFO - Création du Systray...
2024-08-22 13:30:51,755 - INFO - Création et connexion du navigateur...
2024-08-22 13:30:52,376 - INFO - Création de l'interface réduite...
2024-08-22 13:30:52,381 - INFO - __ Création des boutons...
2024-08-22 13:30:52,405 - INFO - __ Connexion pour charger le patient en cours...
2024-08-22 13:30:54,485 - INFO - __ Connexion pour charger la liste des patients...
2024-08-22 13:30:56,541 - INFO - __ Connexion pour charger le bouton d'appel automatique...
2024-08-22 13:30:56,547 - INFO - __ Connexion pour charger l'icone de changement de papier'...
2024-08-22 13:31:00,652 - INFO - Paramétrage de l'utilisateur...
2024-08-22 13:31:00,659 - INFO - Création de la connexion Socket.IO...
2024-08-22 13:32:07,308 - INFO - Initialisation de la session...
2024-08-22 13:32:07,357 - INFO - Initialisation des préférences...
2024-08-22 13:32:07,361 - INFO - Test de la connexion...
2024-08-22 13:32:09,452 - INFO - Initialisation du bouton d'appel automatique...
2024-08-22 13:32:09,456 - INFO - Initialisation de l'interface...
2024-08-22 13:32:09,469 - INFO - Création du menu...
2024-08-22 13:32:09,481 - INFO - Création du Systray...
2024-08-22 13:32:09,582 - INFO - Création et connexion du navigateur...
2024-08-22 13:32:10,233 - INFO - Création de l'interface réduite...
2024-08-22 13:32:10,239 - INFO - __ Création des boutons...
2024-08-22 13:32:10,262 - INFO - __ Connexion pour charger le patient en cours...
2024-08-22 13:32:12,325 - INFO - __ Connexion pour charger la liste des patients...
2024-08-22 13:32:14,391 - INFO - __ Connexion pour charger le bouton d'appel automatique...
2024-08-22 13:32:14,400 - INFO - __ Connexion pour charger l'icone de changement de papier'...
2024-08-22 13:32:18,558 - INFO - Paramétrage de l'utilisateur...
2024-08-22 13:32:18,567 - INFO - Création de la connexion Socket.IO...
2024-08-22 13:35:28,151 - INFO - Initialisation de la session...
2024-08-22 13:35:28,210 - INFO - Initialisation des préférences...
2024-08-22 13:35:28,215 - INFO - Test de la connexion...
2024-08-22 13:35:30,269 - INFO - Initialisation du bouton d'appel automatique...
2024-08-22 13:35:30,276 - INFO - Initialisation de l'interface...
2024-08-22 13:35:30,307 - INFO - Création du menu...
2024-08-22 13:35:30,321 - INFO - Création du Systray...
2024-08-22 13:35:30,413 - INFO - Création et connexion du navigateur...
2024-08-22 13:35:31,037 - INFO - Création de l'interface réduite...
2024-08-22 13:35:31,044 - INFO - __ Création des boutons...
2024-08-22 13:35:31,066 - INFO - __ Connexion pour charger le patient en cours...
2024-08-22 13:35:33,115 - INFO - __ Connexion pour charger la liste des patients...
2024-08-22 13:35:35,156 - INFO - __ Connexion pour charger le bouton d'appel automatique...
2024-08-22 13:35:35,161 - INFO - __ Connexion pour charger l'icone de changement de papier'...
2024-08-22 13:35:39,273 - INFO - Paramétrage de l'utilisateur...
2024-08-22 13:35:39,278 - INFO - Création de la connexion Socket.IO...
2024-08-22 13:37:21,823 - INFO - Initialisation de la session...
2024-08-22 13:37:21,897 - INFO - Initialisation des préférences...
2024-08-22 13:37:21,901 - INFO - Test de la connexion...
2024-08-22 13:37:23,963 - INFO - Initialisation du bouton d'appel automatique...
2024-08-22 13:37:23,968 - INFO - Initialisation de l'interface...
2024-08-22 13:37:23,993 - INFO - Création du menu...
2024-08-22 13:37:24,011 - INFO - Création du Systray...
2024-08-22 13:37:24,114 - INFO - Création et connexion du navigateur...
2024-08-22 13:37:24,715 - INFO - Création de l'interface réduite...
2024-08-22 13:37:24,721 - INFO - __ Création des boutons...
2024-08-22 13:37:24,742 - INFO - __ Connexion pour charger le patient en cours...
2024-08-22 13:37:26,811 - INFO - __ Connexion pour charger la liste des patients...
2024-08-22 13:37:28,862 - INFO - __ Connexion pour charger le bouton d'appel automatique...
2024-08-22 13:37:28,870 - INFO - __ Connexion pour charger l'icone de changement de papier'...
2024-08-22 13:37:32,979 - INFO - Paramétrage de l'utilisateur...
2024-08-22 13:37:32,986 - INFO - Création de la connexion Socket.IO...
2024-08-22 19:54:45,558 - INFO - Création de l'interface réduite...
2024-08-22 19:54:45,561 - INFO - __ Création des boutons...
2024-08-22 19:54:45,566 - INFO - __ Connexion pour charger le patient en cours...
2024-08-22 19:54:47,640 - INFO - __ Connexion pour charger la liste des patients...
2024-08-22 19:54:49,693 - INFO - __ Connexion pour charger le bouton d'appel automatique...
2024-08-22 19:54:49,698 - INFO - __ Connexion pour charger l'icone de changement de papier'...
2024-08-22 19:55:03,793 - INFO - Création de l'interface réduite...
2024-08-22 19:55:03,795 - INFO - __ Création des boutons...
2024-08-22 19:55:03,799 - INFO - __ Connexion pour charger le patient en cours...
2024-08-22 19:55:05,854 - INFO - __ Connexion pour charger la liste des patients...
2024-08-22 19:55:07,914 - INFO - __ Connexion pour charger le bouton d'appel automatique...
2024-08-22 19:55:07,917 - INFO - __ Connexion pour charger l'icone de changement de papier'...
2024-08-23 07:42:07,355 - INFO - Initialisation de la session...
2024-08-23 07:42:07,415 - INFO - Initialisation des préférences...
2024-08-23 07:42:07,419 - INFO - Test de la connexion...
2024-08-23 07:42:09,481 - INFO - Initialisation du bouton d'appel automatique...
2024-08-23 07:42:09,484 - INFO - Initialisation de l'interface...
2024-08-23 07:42:09,521 - INFO - Création du menu...
2024-08-23 07:42:09,535 - INFO - Création du Systray...
2024-08-23 07:42:09,743 - INFO - Création et connexion du navigateur...
2024-08-23 07:42:10,816 - INFO - Création de l'interface réduite...
2024-08-23 07:42:10,831 - INFO - __ Création des boutons...
2024-08-23 07:42:10,856 - INFO - __ Connexion pour charger le patient en cours...
2024-08-23 07:42:12,927 - INFO - __ Connexion pour charger la liste des patients...
2024-08-23 07:42:14,971 - INFO - __ Connexion pour charger le bouton d'appel automatique...
2024-08-23 07:42:14,981 - INFO - __ Connexion pour charger l'icone de changement de papier'...
2024-08-23 07:42:19,122 - INFO - Paramétrage de l'utilisateur...
2024-08-23 07:42:19,128 - INFO - Création de la connexion Socket.IO...
2024-08-27 07:07:59,123 - INFO - Initialisation de la session...
2024-08-27 07:07:59,321 - INFO - Initialisation des préférences...
2024-08-27 07:07:59,366 - INFO - Test de la connexion...
2024-08-27 07:08:02,578 - INFO - Initialisation du bouton d'appel automatique...
2024-08-27 07:08:02,639 - INFO - Initialisation de l'interface...
2024-08-27 07:08:03,062 - INFO - Création du menu...
2024-08-27 07:08:04,226 - INFO - Création du Systray...
2024-08-27 07:08:04,380 - INFO - Création et connexion du navigateur...
2024-08-27 07:08:37,066 - INFO - Création de l'interface réduite...
2024-08-27 07:08:37,097 - INFO - __ Création des boutons...
2024-08-27 07:08:37,257 - INFO - __ Connexion pour charger le patient en cours...
2024-08-27 07:08:39,678 - INFO - __ Connexion pour charger la liste des patients...
2024-08-27 07:08:41,752 - INFO - __ Connexion pour charger le bouton d'appel automatique...
2024-08-27 07:08:42,297 - INFO - __ Connexion pour charger l'icone de changement de papier'...
2024-08-27 07:08:46,601 - INFO - Paramétrage de l'utilisateur...
2024-08-27 07:08:46,660 - INFO - Création de la connexion Socket.IO...
2024-08-27 07:23:37,989 - INFO - Changement de l'orientation...
2024-08-27 07:23:37,990 - INFO - Création de l'interface réduite...
2024-08-27 07:23:37,990 - INFO - __ Création des boutons...
2024-08-27 07:23:37,991 - INFO - __ Connexion pour charger le patient en cours...
2024-08-27 07:23:40,052 - INFO - __ Connexion pour charger la liste des patients...
2024-08-27 07:23:42,102 - INFO - __ Connexion pour charger le bouton d'appel automatique...
2024-08-27 07:23:42,104 - INFO - __ Connexion pour charger l'icone de changement de papier'...
2024-08-27 07:28:22,181 - INFO - Initialisation de la session...
2024-08-27 07:28:22,229 - INFO - Initialisation des préférences...
2024-08-27 07:28:22,234 - INFO - Test de la connexion...
2024-08-27 07:28:24,297 - INFO - Initialisation du bouton d'appel automatique...
2024-08-27 07:28:24,300 - INFO - Initialisation de l'interface...
2024-08-27 07:28:24,319 - INFO - Création du menu...
2024-08-27 07:28:24,349 - INFO - Création du Systray...
2024-08-27 07:28:24,453 - INFO - Création et connexion du navigateur...
2024-08-27 07:28:25,196 - INFO - Création de l'interface réduite...
2024-08-27 07:28:25,201 - INFO - __ Création des boutons...
2024-08-27 07:28:25,232 - INFO - __ Connexion pour charger le patient en cours...
2024-08-27 07:28:27,291 - INFO - __ Connexion pour charger la liste des patients...
2024-08-27 07:28:29,387 - INFO - __ Connexion pour charger le bouton d'appel automatique...
2024-08-27 07:28:29,396 - INFO - __ Connexion pour charger l'icone de changement de papier'...
2024-08-27 07:30:29,117 - INFO - Initialisation de la session...
2024-08-27 07:30:29,167 - INFO - Initialisation des préférences...
2024-08-27 07:30:29,172 - INFO - Test de la connexion...
2024-08-27 07:30:31,243 - INFO - Initialisation du bouton d'appel automatique...
2024-08-27 07:30:31,247 - INFO - Initialisation de l'interface...
2024-08-27 07:30:31,263 - INFO - Création du menu...
2024-08-27 07:30:31,276 - INFO - Création du Systray...
2024-08-27 07:30:31,383 - INFO - Création et connexion du navigateur...
2024-08-27 07:30:32,001 - INFO - Création de l'interface réduite...
2024-08-27 07:30:32,006 - INFO - __ Création des boutons...
2024-08-27 07:30:32,013 - INFO - __ Connexion pour charger le patient en cours...
2024-08-27 07:30:34,082 - INFO - __ Connexion pour charger la liste des patients...
2024-08-27 07:30:36,149 - INFO - __ Connexion pour charger le bouton d'appel automatique...
2024-08-27 07:30:36,157 - INFO - __ Connexion pour charger l'icone de changement de papier'...
2024-08-27 07:30:40,275 - INFO - Paramétrage de l'utilisateur...
2024-08-27 07:30:40,280 - INFO - Création de la connexion Socket.IO...
2024-08-27 07:33:46,617 - INFO - Initialisation de la session...
2024-08-27 07:33:46,680 - INFO - Initialisation des préférences...
2024-08-27 07:33:46,686 - INFO - Test de la connexion...
2024-08-27 07:33:48,731 - INFO - Initialisation du bouton d'appel automatique...
2024-08-27 07:33:48,735 - INFO - Initialisation de l'interface...
2024-08-27 07:33:48,753 - INFO - Création du menu...
2024-08-27 07:33:48,766 - INFO - Création du Systray...
2024-08-27 07:33:48,869 - INFO - Création et connexion du navigateur...
2024-08-27 07:33:49,563 - INFO - Création de l'interface réduite...
2024-08-27 07:33:49,569 - INFO - __ Création des boutons...
2024-08-27 07:33:49,591 - INFO - __ Connexion pour charger le patient en cours...
2024-08-27 07:33:51,659 - INFO - __ Connexion pour charger la liste des patients...
2024-08-27 07:33:53,704 - INFO - __ Connexion pour charger le bouton d'appel automatique...
2024-08-27 07:33:53,711 - INFO - __ Connexion pour charger l'icone de changement de papier'...
2024-08-27 07:33:57,849 - INFO - Paramétrage de l'utilisateur...
2024-08-27 07:33:57,857 - INFO - Création de la connexion Socket.IO...
2024-08-27 07:37:14,589 - INFO - Initialisation de la session...
2024-08-27 07:37:14,640 - INFO - Initialisation des préférences...
2024-08-27 07:37:14,645 - INFO - Test de la connexion...
2024-08-27 07:37:16,713 - INFO - Initialisation du bouton d'appel automatique...
2024-08-27 07:37:16,718 - INFO - Initialisation de l'interface...
2024-08-27 07:37:16,733 - INFO - Création du menu...
2024-08-27 07:37:16,747 - INFO - Création du Systray...
2024-08-27 07:37:16,856 - INFO - Création et connexion du navigateur...
2024-08-27 07:37:17,568 - INFO - Création de l'interface réduite...
2024-08-27 07:37:17,574 - INFO - __ Création des boutons...
2024-08-27 07:37:17,599 - INFO - __ Connexion pour charger le patient en cours...
2024-08-27 07:37:19,665 - INFO - __ Connexion pour charger la liste des patients...
2024-08-27 07:37:21,740 - INFO - __ Connexion pour charger le bouton d'appel automatique...
2024-08-27 07:37:21,748 - INFO - __ Connexion pour charger l'icone de changement de papier'...
2024-08-27 07:37:25,862 - INFO - Paramétrage de l'utilisateur...
2024-08-27 07:37:25,869 - INFO - Création de la connexion Socket.IO...
2024-08-27 07:37:40,017 - INFO - Changement de l'orientation...
2024-08-27 07:37:40,022 - INFO - Création de l'interface réduite...
2024-08-27 07:37:40,024 - INFO - __ Création des boutons...
2024-08-27 07:37:40,026 - INFO - __ Connexion pour charger le patient en cours...
2024-08-27 07:37:42,071 - INFO - __ Connexion pour charger la liste des patients...
2024-08-27 07:37:44,129 - INFO - __ Connexion pour charger le bouton d'appel automatique...
2024-08-27 07:37:44,135 - INFO - __ Connexion pour charger l'icone de changement de papier'...
2024-08-27 07:39:23,736 - INFO - Initialisation de la session...
2024-08-27 07:39:23,788 - INFO - Initialisation des préférences...
2024-08-27 07:39:23,792 - INFO - Test de la connexion...
2024-08-27 07:39:25,867 - INFO - Initialisation du bouton d'appel automatique...
2024-08-27 07:39:25,871 - INFO - Initialisation de l'interface...
2024-08-27 07:39:25,888 - INFO - Création du menu...
2024-08-27 07:39:25,902 - INFO - Création du Systray...
2024-08-27 07:39:26,044 - INFO - Création et connexion du navigateur...
2024-08-27 07:39:26,732 - INFO - Création de l'interface réduite...
2024-08-27 07:39:26,739 - INFO - __ Création des boutons...
2024-08-27 07:39:26,763 - INFO - __ Connexion pour charger le patient en cours...
2024-08-27 07:39:28,976 - INFO - __ Connexion pour charger la liste des patients...
2024-08-27 07:39:31,035 - INFO - __ Connexion pour charger le bouton d'appel automatique...
2024-08-27 07:39:31,044 - INFO - __ Connexion pour charger l'icone de changement de papier'...
2024-08-27 07:39:35,174 - INFO - Paramétrage de l'utilisateur...
2024-08-27 07:39:35,190 - INFO - Création de la connexion Socket.IO...
2024-08-27 07:39:43,357 - INFO - Changement de l'orientation...
2024-08-27 07:39:43,359 - INFO - Création de l'interface réduite...
2024-08-27 07:39:43,360 - INFO - __ Création des boutons...
2024-08-27 07:39:43,362 - INFO - __ Connexion pour charger le patient en cours...
2024-08-27 07:39:45,413 - INFO - __ Connexion pour charger la liste des patients...
2024-08-27 07:39:47,494 - INFO - __ Connexion pour charger le bouton d'appel automatique...
2024-08-27 07:39:47,499 - INFO - __ Connexion pour charger l'icone de changement de papier'...
2024-08-27 07:42:42,965 - INFO - Initialisation de la session...
2024-08-27 07:42:43,011 - INFO - Initialisation des préférences...
2024-08-27 07:42:43,018 - INFO - Test de la connexion...
2024-08-27 07:42:45,090 - INFO - Initialisation du bouton d'appel automatique...
2024-08-27 07:42:45,093 - INFO - Initialisation de l'interface...
2024-08-27 07:42:45,111 - INFO - Création du menu...
2024-08-27 07:42:45,129 - INFO - Création du Systray...
2024-08-27 07:42:45,281 - INFO - Création et connexion du navigateur...
2024-08-27 07:42:45,947 - INFO - Création de l'interface réduite...
2024-08-27 07:42:45,954 - INFO - __ Création des boutons...
2024-08-27 07:42:45,967 - INFO - __ Connexion pour charger le patient en cours...
2024-08-27 07:42:48,041 - INFO - __ Connexion pour charger la liste des patients...
2024-08-27 07:42:50,103 - INFO - __ Connexion pour charger le bouton d'appel automatique...
2024-08-27 07:42:50,112 - INFO - __ Connexion pour charger l'icone de changement de papier'...
2024-08-27 07:42:54,214 - INFO - Paramétrage de l'utilisateur...
2024-08-27 07:42:54,221 - INFO - Création de la connexion Socket.IO...
2024-08-27 07:43:04,069 - INFO - Initialisation des préférences...
2024-08-27 07:43:04,075 - INFO - Initialisation des préférences...
2024-08-27 07:43:04,093 - INFO - Création de l'interface réduite...
2024-08-27 07:43:04,099 - INFO - __ Création des boutons...
2024-08-27 07:43:04,105 - INFO - __ Connexion pour charger le patient en cours...
2024-08-27 07:43:06,176 - INFO - __ Connexion pour charger la liste des patients...
2024-08-27 07:43:08,241 - INFO - __ Connexion pour charger le bouton d'appel automatique...
2024-08-27 07:43:08,246 - INFO - __ Connexion pour charger l'icone de changement de papier'...
2024-08-27 07:43:08,254 - INFO - Initialisation des préférences...
2024-08-27 07:43:18,164 - INFO - Initialisation de la session...
2024-08-27 07:43:18,210 - INFO - Initialisation des préférences...
2024-08-27 07:43:18,213 - INFO - Test de la connexion...
2024-08-27 07:43:20,282 - INFO - Initialisation du bouton d'appel automatique...
2024-08-27 07:43:20,285 - INFO - Initialisation de l'interface...
2024-08-27 07:43:20,303 - INFO - Création du menu...
2024-08-27 07:43:20,316 - INFO - Création du Systray...
2024-08-27 07:43:20,419 - INFO - Création et connexion du navigateur...
2024-08-27 07:43:21,049 - INFO - Création de l'interface réduite...
2024-08-27 07:43:21,054 - INFO - __ Création des boutons...
2024-08-27 07:43:21,077 - INFO - __ Connexion pour charger le patient en cours...
2024-08-27 07:43:23,119 - INFO - __ Connexion pour charger la liste des patients...
2024-08-27 07:43:25,179 - INFO - __ Connexion pour charger le bouton d'appel automatique...
2024-08-27 07:43:25,188 - INFO - __ Connexion pour charger l'icone de changement de papier'...
2024-08-27 07:43:29,294 - INFO - Paramétrage de l'utilisateur...
2024-08-27 07:43:29,300 - INFO - Création de la connexion Socket.IO...
2024-08-27 07:46:11,735 - INFO - Initialisation de la session...
2024-08-27 07:46:11,787 - INFO - Initialisation des préférences...
2024-08-27 07:46:11,790 - INFO - Test de la connexion...
2024-08-27 07:46:13,856 - INFO - Initialisation du bouton d'appel automatique...
2024-08-27 07:46:13,861 - INFO - Initialisation de l'interface...
2024-08-27 07:46:13,875 - INFO - Création du menu...
2024-08-27 07:46:13,888 - INFO - Création du Systray...
2024-08-27 07:46:13,996 - INFO - Création et connexion du navigateur...
2024-08-27 07:46:14,633 - INFO - Création de l'interface réduite...
2024-08-27 07:46:14,640 - INFO - __ Création des boutons...
2024-08-27 07:46:14,664 - INFO - __ Connexion pour charger le patient en cours...
2024-08-27 07:46:16,709 - INFO - __ Connexion pour charger la liste des patients...
2024-08-27 07:46:18,784 - INFO - __ Connexion pour charger le bouton d'appel automatique...
2024-08-27 07:46:18,791 - INFO - __ Connexion pour charger l'icone de changement de papier'...
2024-08-27 07:46:22,899 - INFO - Paramétrage de l'utilisateur...
2024-08-27 07:46:22,905 - INFO - Création de la connexion Socket.IO...
